2024-07-24 18:34:25,831 INFO [InspirationC] [my_client.py (operation:97] -- reading img of E:\Code\PycharmProject\Practice\Multi-threaded-communication-main2\data2/Mesh0.jpg
2024-07-24 18:34:25,835 INFO [InspirationC] [my_client.py (client:41] -- Sending img ...
2024-07-24 18:34:25,835 INFO [InspirationC] [my_client.py (client:46] -- Sending img done ...
2024-07-24 18:34:45,369 INFO [InspirationC] [my_client.py (start_listen:67] -- Getting result img_Mesh0.jpg...
2024-07-24 18:34:47,382 INFO [InspirationC] [my_client.py (operation:105] -- Continue...
2024-07-24 18:34:47,383 INFO [InspirationC] [my_client.py (operation:97] -- reading img of E:\Code\PycharmProject\Practice\Multi-threaded-communication-main2\data2/Mesh1.jpg
2024-07-24 18:34:47,388 INFO [InspirationC] [my_client.py (client:41] -- Sending img ...
2024-07-24 18:34:47,388 INFO [InspirationC] [my_client.py (client:46] -- Sending img done ...
2024-07-24 18:34:59,461 INFO [InspirationC] [my_client.py (start_listen:67] -- Getting result img_Mesh1.jpg...
2024-07-24 18:35:01,476 INFO [InspirationC] [my_client.py (operation:105] -- Continue...
2024-07-24 18:35:01,477 INFO [InspirationC] [my_client.py (operation:97] -- reading img of E:\Code\PycharmProject\Practice\Multi-threaded-communication-main2\data2/Mesh10.jpg
2024-07-24 18:35:01,482 INFO [InspirationC] [my_client.py (client:41] -- Sending img ...
2024-07-24 18:35:01,482 INFO [InspirationC] [my_client.py (client:46] -- Sending img done ...
2024-07-24 18:35:12,384 INFO [InspirationC] [my_client.py (start_listen:67] -- Getting result img_Mesh10.jpg...
2024-07-24 18:35:14,398 INFO [InspirationC] [my_client.py (operation:105] -- Continue...
2024-07-24 18:35:14,400 INFO [InspirationC] [my_client.py (operation:97] -- reading img of E:\Code\PycharmProject\Practice\Multi-threaded-communication-main2\data2/Mesh11.jpg
2024-07-24 18:35:14,404 INFO [InspirationC] [my_client.py (client:41] -- Sending img ...
2024-07-24 18:35:14,404 INFO [InspirationC] [my_client.py (client:46] -- Sending img done ...
2024-07-24 18:35:25,538 INFO [InspirationC] [my_client.py (start_listen:67] -- Getting result img_Mesh11.jpg...
2024-07-24 18:35:27,608 INFO [InspirationC] [my_client.py (operation:105] -- Continue...
2024-07-24 18:35:27,613 INFO [InspirationC] [my_client.py (operation:97] -- reading img of E:\Code\PycharmProject\Practice\Multi-threaded-communication-main2\data2/Mesh12.jpg
2024-07-24 18:35:27,641 INFO [InspirationC] [my_client.py (client:41] -- Sending img ...
2024-07-24 18:35:27,642 INFO [InspirationC] [my_client.py (client:46] -- Sending img done ...
2024-07-24 18:35:37,705 INFO [InspirationC] [my_client.py (start_listen:67] -- Getting result img_Mesh12.jpg...
2024-07-24 18:35:39,721 INFO [InspirationC] [my_client.py (operation:105] -- Continue...
2024-07-24 18:35:39,723 INFO [InspirationC] [my_client.py (operation:97] -- reading img of E:\Code\PycharmProject\Practice\Multi-threaded-communication-main2\data2/Mesh13.jpg
2024-07-24 18:35:39,727 INFO [InspirationC] [my_client.py (client:41] -- Sending img ...
2024-07-24 18:35:39,728 INFO [InspirationC] [my_client.py (client:46] -- Sending img done ...
2024-07-24 18:35:51,607 INFO [InspirationC] [my_client.py (start_listen:67] -- Getting result img_Mesh13.jpg...
2024-07-24 18:35:53,619 INFO [InspirationC] [my_client.py (operation:105] -- Continue...
2024-07-24 18:35:53,622 INFO [InspirationC] [my_client.py (operation:97] -- reading img of E:\Code\PycharmProject\Practice\Multi-threaded-communication-main2\data2/Mesh14.jpg
2024-07-24 18:35:53,627 INFO [InspirationC] [my_client.py (client:41] -- Sending img ...
2024-07-24 18:35:53,627 INFO [InspirationC] [my_client.py (client:46] -- Sending img done ...
2024-07-24 18:36:04,812 INFO [InspirationC] [my_client.py (start_listen:67] -- Getting result img_Mesh14.jpg...
2024-07-24 18:36:06,829 INFO [InspirationC] [my_client.py (operation:105] -- Continue...
2024-07-24 18:36:06,831 INFO [InspirationC] [my_client.py (operation:97] -- reading img of E:\Code\PycharmProject\Practice\Multi-threaded-communication-main2\data2/Mesh15.jpg
2024-07-24 18:36:06,837 INFO [InspirationC] [my_client.py (client:41] -- Sending img ...
2024-07-24 18:36:06,838 INFO [InspirationC] [my_client.py (client:46] -- Sending img done ...
2024-07-24 18:36:16,038 INFO [InspirationC] [my_client.py (start_listen:67] -- Getting result img_Mesh15.jpg...
2024-07-24 18:36:18,052 INFO [InspirationC] [my_client.py (operation:105] -- Continue...
2024-07-24 18:36:18,054 INFO [InspirationC] [my_client.py (operation:97] -- reading img of E:\Code\PycharmProject\Practice\Multi-threaded-communication-main2\data2/Mesh16.jpg
2024-07-24 18:36:18,060 INFO [InspirationC] [my_client.py (client:41] -- Sending img ...
2024-07-24 18:36:18,060 INFO [InspirationC] [my_client.py (client:46] -- Sending img done ...
2024-07-24 18:36:28,943 INFO [InspirationC] [my_client.py (start_listen:67] -- Getting result img_Mesh16.jpg...
2024-07-24 18:36:30,956 INFO [InspirationC] [my_client.py (operation:105] -- Continue...
2024-07-24 18:36:30,958 INFO [InspirationC] [my_client.py (operation:97] -- reading img of E:\Code\PycharmProject\Practice\Multi-threaded-communication-main2\data2/Mesh17.jpg
2024-07-24 18:36:30,962 INFO [InspirationC] [my_client.py (client:41] -- Sending img ...
2024-07-24 18:36:30,962 INFO [InspirationC] [my_client.py (client:46] -- Sending img done ...
2024-07-24 18:36:42,118 INFO [InspirationC] [my_client.py (start_listen:67] -- Getting result img_Mesh17.jpg...
2024-07-24 18:36:44,132 INFO [InspirationC] [my_client.py (operation:105] -- Continue...
2024-07-24 18:36:44,134 INFO [InspirationC] [my_client.py (operation:97] -- reading img of E:\Code\PycharmProject\Practice\Multi-threaded-communication-main2\data2/Mesh18.jpg
2024-07-24 18:36:44,138 INFO [InspirationC] [my_client.py (client:41] -- Sending img ...
2024-07-24 18:36:44,138 INFO [InspirationC] [my_client.py (client:46] -- Sending img done ...
2024-07-24 18:36:54,753 INFO [InspirationC] [my_client.py (start_listen:67] -- Getting result img_Mesh18.jpg...
2024-07-24 18:36:56,770 INFO [InspirationC] [my_client.py (operation:105] -- Continue...
2024-07-24 18:36:56,772 INFO [InspirationC] [my_client.py (operation:97] -- reading img of E:\Code\PycharmProject\Practice\Multi-threaded-communication-main2\data2/Mesh19.jpg
2024-07-24 18:36:56,778 INFO [InspirationC] [my_client.py (client:41] -- Sending img ...
2024-07-24 18:36:56,779 INFO [InspirationC] [my_client.py (client:46] -- Sending img done ...
2024-07-24 18:37:07,776 INFO [InspirationC] [my_client.py (start_listen:67] -- Getting result img_Mesh19.jpg...
2024-07-24 18:37:09,802 INFO [InspirationC] [my_client.py (operation:105] -- Continue...
2024-07-24 18:37:09,805 INFO [InspirationC] [my_client.py (operation:97] -- reading img of E:\Code\PycharmProject\Practice\Multi-threaded-communication-main2\data2/Mesh2.jpg
2024-07-24 18:37:09,809 INFO [InspirationC] [my_client.py (client:41] -- Sending img ...
2024-07-24 18:37:09,810 INFO [InspirationC] [my_client.py (client:46] -- Sending img done ...
2024-07-24 18:37:19,907 INFO [InspirationC] [my_client.py (start_listen:67] -- Getting result img_Mesh2.jpg...
2024-07-24 18:37:21,924 INFO [InspirationC] [my_client.py (operation:105] -- Continue...
2024-07-24 18:37:21,927 INFO [InspirationC] [my_client.py (operation:97] -- reading img of E:\Code\PycharmProject\Practice\Multi-threaded-communication-main2\data2/Mesh20.jpg
2024-07-24 18:37:21,932 INFO [InspirationC] [my_client.py (client:41] -- Sending img ...
2024-07-24 18:37:21,932 INFO [InspirationC] [my_client.py (client:46] -- Sending img done ...
2024-07-24 18:37:33,062 INFO [InspirationC] [my_client.py (start_listen:67] -- Getting result img_Mesh20.jpg...
2024-07-24 18:37:35,077 INFO [InspirationC] [my_client.py (operation:105] -- Continue...
2024-07-24 18:37:35,080 INFO [InspirationC] [my_client.py (operation:97] -- reading img of E:\Code\PycharmProject\Practice\Multi-threaded-communication-main2\data2/Mesh21.jpg
2024-07-24 18:37:35,086 INFO [InspirationC] [my_client.py (client:41] -- Sending img ...
2024-07-24 18:37:35,086 INFO [InspirationC] [my_client.py (client:46] -- Sending img done ...
2024-07-24 18:37:45,397 INFO [InspirationC] [my_client.py (start_listen:67] -- Getting result img_Mesh21.jpg...
2024-07-24 18:37:47,410 INFO [InspirationC] [my_client.py (operation:105] -- Continue...
2024-07-24 18:37:47,413 INFO [InspirationC] [my_client.py (operation:97] -- reading img of E:\Code\PycharmProject\Practice\Multi-threaded-communication-main2\data2/Mesh22.jpg
2024-07-24 18:37:47,418 INFO [InspirationC] [my_client.py (client:41] -- Sending img ...
2024-07-24 18:37:47,418 INFO [InspirationC] [my_client.py (client:46] -- Sending img done ...
2024-07-24 18:37:58,416 INFO [InspirationC] [my_client.py (start_listen:67] -- Getting result img_Mesh22.jpg...
2024-07-24 18:38:00,442 INFO [InspirationC] [my_client.py (operation:105] -- Continue...
2024-07-24 18:38:00,446 INFO [InspirationC] [my_client.py (operation:97] -- reading img of E:\Code\PycharmProject\Practice\Multi-threaded-communication-main2\data2/Mesh23.jpg
2024-07-24 18:38:00,452 INFO [InspirationC] [my_client.py (client:41] -- Sending img ...
2024-07-24 18:38:00,453 INFO [InspirationC] [my_client.py (client:46] -- Sending img done ...
2024-07-24 18:38:10,749 INFO [InspirationC] [my_client.py (start_listen:67] -- Getting result img_Mesh23.jpg...
2024-07-24 18:38:12,765 INFO [InspirationC] [my_client.py (operation:105] -- Continue...
2024-07-24 18:38:12,768 INFO [InspirationC] [my_client.py (operation:97] -- reading img of E:\Code\PycharmProject\Practice\Multi-threaded-communication-main2\data2/Mesh24.jpg
2024-07-24 18:38:12,773 INFO [InspirationC] [my_client.py (client:41] -- Sending img ...
2024-07-24 18:38:12,774 INFO [InspirationC] [my_client.py (client:46] -- Sending img done ...
2024-07-24 18:38:23,546 INFO [InspirationC] [my_client.py (start_listen:67] -- Getting result img_Mesh24.jpg...
2024-07-24 18:38:25,564 INFO [InspirationC] [my_client.py (operation:105] -- Continue...
2024-07-24 18:38:25,566 INFO [InspirationC] [my_client.py (operation:97] -- reading img of E:\Code\PycharmProject\Practice\Multi-threaded-communication-main2\data2/Mesh25.jpg
2024-07-24 18:38:25,573 INFO [InspirationC] [my_client.py (client:41] -- Sending img ...
2024-07-24 18:38:25,574 INFO [InspirationC] [my_client.py (client:46] -- Sending img done ...
2024-07-24 18:38:36,052 INFO [InspirationC] [my_client.py (start_listen:67] -- Getting result img_Mesh25.jpg...
2024-07-24 18:38:38,068 INFO [InspirationC] [my_client.py (operation:105] -- Continue...
2024-07-24 18:38:38,071 INFO [InspirationC] [my_client.py (operation:97] -- reading img of E:\Code\PycharmProject\Practice\Multi-threaded-communication-main2\data2/Mesh26.jpg
2024-07-24 18:38:38,078 INFO [InspirationC] [my_client.py (client:41] -- Sending img ...
2024-07-24 18:38:38,078 INFO [InspirationC] [my_client.py (client:46] -- Sending img done ...
2024-07-24 18:38:48,617 INFO [InspirationC] [my_client.py (start_listen:67] -- Getting result img_Mesh26.jpg...
2024-07-24 18:38:50,634 INFO [InspirationC] [my_client.py (operation:105] -- Continue...
2024-07-24 18:38:50,636 INFO [InspirationC] [my_client.py (operation:97] -- reading img of E:\Code\PycharmProject\Practice\Multi-threaded-communication-main2\data2/Mesh27.jpg
2024-07-24 18:38:50,642 INFO [InspirationC] [my_client.py (client:41] -- Sending img ...
2024-07-24 18:38:50,643 INFO [InspirationC] [my_client.py (client:46] -- Sending img done ...
2024-07-24 18:39:01,527 INFO [InspirationC] [my_client.py (start_listen:67] -- Getting result img_Mesh27.jpg...
2024-07-24 18:39:03,544 INFO [InspirationC] [my_client.py (operation:105] -- Continue...
2024-07-24 18:39:03,547 INFO [InspirationC] [my_client.py (operation:97] -- reading img of E:\Code\PycharmProject\Practice\Multi-threaded-communication-main2\data2/Mesh28.jpg
2024-07-24 18:39:03,553 INFO [InspirationC] [my_client.py (client:41] -- Sending img ...
2024-07-24 18:39:03,553 INFO [InspirationC] [my_client.py (client:46] -- Sending img done ...
2024-07-24 18:39:14,054 INFO [InspirationC] [my_client.py (start_listen:67] -- Getting result img_Mesh28.jpg...
2024-07-24 18:39:16,068 INFO [InspirationC] [my_client.py (operation:105] -- Continue...
2024-07-24 18:39:16,070 INFO [InspirationC] [my_client.py (operation:97] -- reading img of E:\Code\PycharmProject\Practice\Multi-threaded-communication-main2\data2/Mesh29.jpg
2024-07-24 18:39:16,075 INFO [InspirationC] [my_client.py (client:41] -- Sending img ...
2024-07-24 18:39:16,075 INFO [InspirationC] [my_client.py (client:46] -- Sending img done ...
2024-07-24 18:39:26,912 INFO [InspirationC] [my_client.py (start_listen:67] -- Getting result img_Mesh29.jpg...
2024-07-24 18:39:28,925 INFO [InspirationC] [my_client.py (operation:105] -- Continue...
2024-07-24 18:39:28,927 INFO [InspirationC] [my_client.py (operation:97] -- reading img of E:\Code\PycharmProject\Practice\Multi-threaded-communication-main2\data2/Mesh3.jpg
2024-07-24 18:39:28,932 INFO [InspirationC] [my_client.py (client:41] -- Sending img ...
2024-07-24 18:39:28,933 INFO [InspirationC] [my_client.py (client:46] -- Sending img done ...
2024-07-24 18:39:39,248 INFO [InspirationC] [my_client.py (start_listen:67] -- Getting result img_Mesh3.jpg...
2024-07-24 18:39:41,261 INFO [InspirationC] [my_client.py (operation:105] -- Continue...
2024-07-24 18:39:41,263 INFO [InspirationC] [my_client.py (operation:97] -- reading img of E:\Code\PycharmProject\Practice\Multi-threaded-communication-main2\data2/Mesh30.jpg
2024-07-24 18:39:41,267 INFO [InspirationC] [my_client.py (client:41] -- Sending img ...
2024-07-24 18:39:41,268 INFO [InspirationC] [my_client.py (client:46] -- Sending img done ...
2024-07-24 18:39:52,157 INFO [InspirationC] [my_client.py (start_listen:67] -- Getting result img_Mesh30.jpg...
2024-07-24 18:39:54,173 INFO [InspirationC] [my_client.py (operation:105] -- Continue...
2024-07-24 18:39:54,175 INFO [InspirationC] [my_client.py (operation:97] -- reading img of E:\Code\PycharmProject\Practice\Multi-threaded-communication-main2\data2/Mesh31.jpg
2024-07-24 18:39:54,180 INFO [InspirationC] [my_client.py (client:41] -- Sending img ...
2024-07-24 18:39:54,180 INFO [InspirationC] [my_client.py (client:46] -- Sending img done ...
2024-07-24 18:40:04,865 INFO [InspirationC] [my_client.py (start_listen:67] -- Getting result img_Mesh31.jpg...
2024-07-24 18:40:06,881 INFO [InspirationC] [my_client.py (operation:105] -- Continue...
2024-07-24 18:40:06,883 INFO [InspirationC] [my_client.py (operation:97] -- reading img of E:\Code\PycharmProject\Practice\Multi-threaded-communication-main2\data2/Mesh32.jpg
2024-07-24 18:40:06,889 INFO [InspirationC] [my_client.py (client:41] -- Sending img ...
2024-07-24 18:40:06,889 INFO [InspirationC] [my_client.py (client:46] -- Sending img done ...
2024-07-24 18:40:14,577 INFO [InspirationC] [my_client.py (start_listen:67] -- Getting result img_Mesh32.jpg...
2024-07-24 18:40:16,591 INFO [InspirationC] [my_client.py (operation:105] -- Continue...
2024-07-24 18:40:16,593 INFO [InspirationC] [my_client.py (operation:97] -- reading img of E:\Code\PycharmProject\Practice\Multi-threaded-communication-main2\data2/Mesh33.jpg
2024-07-24 18:40:16,598 INFO [InspirationC] [my_client.py (client:41] -- Sending img ...
2024-07-24 18:40:16,598 INFO [InspirationC] [my_client.py (client:46] -- Sending img done ...
2024-07-24 18:40:26,493 INFO [InspirationC] [my_client.py (start_listen:67] -- Getting result img_Mesh33.jpg...
2024-07-24 18:40:28,508 INFO [InspirationC] [my_client.py (operation:105] -- Continue...
2024-07-24 18:40:28,510 INFO [InspirationC] [my_client.py (operation:97] -- reading img of E:\Code\PycharmProject\Practice\Multi-threaded-communication-main2\data2/Mesh34.jpg
2024-07-24 18:40:28,515 INFO [InspirationC] [my_client.py (client:41] -- Sending img ...
2024-07-24 18:40:28,515 INFO [InspirationC] [my_client.py (client:46] -- Sending img done ...
2024-07-24 18:40:39,121 INFO [InspirationC] [my_client.py (start_listen:67] -- Getting result img_Mesh34.jpg...
2024-07-24 18:40:41,135 INFO [InspirationC] [my_client.py (operation:105] -- Continue...
2024-07-24 18:40:41,136 INFO [InspirationC] [my_client.py (operation:97] -- reading img of E:\Code\PycharmProject\Practice\Multi-threaded-communication-main2\data2/Mesh35.jpg
2024-07-24 18:40:41,140 INFO [InspirationC] [my_client.py (client:41] -- Sending img ...
2024-07-24 18:40:41,140 INFO [InspirationC] [my_client.py (client:46] -- Sending img done ...
2024-07-24 18:40:50,854 INFO [InspirationC] [my_client.py (start_listen:67] -- Getting result img_Mesh35.jpg...
2024-07-24 18:40:52,869 INFO [InspirationC] [my_client.py (operation:105] -- Continue...
2024-07-24 18:40:52,871 INFO [InspirationC] [my_client.py (operation:97] -- reading img of E:\Code\PycharmProject\Practice\Multi-threaded-communication-main2\data2/Mesh36.jpg
2024-07-24 18:40:52,877 INFO [InspirationC] [my_client.py (client:41] -- Sending img ...
2024-07-24 18:40:52,877 INFO [InspirationC] [my_client.py (client:46] -- Sending img done ...
2024-07-24 18:41:02,857 INFO [InspirationC] [my_client.py (start_listen:67] -- Getting result img_Mesh36.jpg...
2024-07-24 18:41:04,872 INFO [InspirationC] [my_client.py (operation:105] -- Continue...
2024-07-24 18:41:04,874 INFO [InspirationC] [my_client.py (operation:97] -- reading img of E:\Code\PycharmProject\Practice\Multi-threaded-communication-main2\data2/Mesh37.jpg
2024-07-24 18:41:04,879 INFO [InspirationC] [my_client.py (client:41] -- Sending img ...
2024-07-24 18:41:04,880 INFO [InspirationC] [my_client.py (client:46] -- Sending img done ...
2024-07-24 18:41:15,733 INFO [InspirationC] [my_client.py (start_listen:67] -- Getting result img_Mesh37.jpg...
2024-07-24 18:41:17,749 INFO [InspirationC] [my_client.py (operation:105] -- Continue...
2024-07-24 18:41:17,750 INFO [InspirationC] [my_client.py (operation:97] -- reading img of E:\Code\PycharmProject\Practice\Multi-threaded-communication-main2\data2/Mesh38.jpg
2024-07-24 18:41:17,755 INFO [InspirationC] [my_client.py (client:41] -- Sending img ...
2024-07-24 18:41:17,755 INFO [InspirationC] [my_client.py (client:46] -- Sending img done ...
2024-07-24 18:41:27,977 INFO [InspirationC] [my_client.py (start_listen:67] -- Getting result img_Mesh38.jpg...
2024-07-24 18:41:29,991 INFO [InspirationC] [my_client.py (operation:105] -- Continue...
2024-07-24 18:41:29,993 INFO [InspirationC] [my_client.py (operation:97] -- reading img of E:\Code\PycharmProject\Practice\Multi-threaded-communication-main2\data2/Mesh39.jpg
2024-07-24 18:41:29,997 INFO [InspirationC] [my_client.py (client:41] -- Sending img ...
2024-07-24 18:41:29,997 INFO [InspirationC] [my_client.py (client:46] -- Sending img done ...
2024-07-24 18:41:40,814 INFO [InspirationC] [my_client.py (start_listen:67] -- Getting result img_Mesh39.jpg...
2024-07-24 18:41:42,829 INFO [InspirationC] [my_client.py (operation:105] -- Continue...
2024-07-24 18:41:42,831 INFO [InspirationC] [my_client.py (operation:97] -- reading img of E:\Code\PycharmProject\Practice\Multi-threaded-communication-main2\data2/Mesh4.jpg
2024-07-24 18:41:42,835 INFO [InspirationC] [my_client.py (client:41] -- Sending img ...
2024-07-24 18:41:42,837 INFO [InspirationC] [my_client.py (client:46] -- Sending img done ...
2024-07-24 18:41:53,189 INFO [InspirationC] [my_client.py (start_listen:67] -- Getting result img_Mesh4.jpg...
2024-07-24 18:41:55,204 INFO [InspirationC] [my_client.py (operation:105] -- Continue...
2024-07-24 18:41:55,205 INFO [InspirationC] [my_client.py (operation:97] -- reading img of E:\Code\PycharmProject\Practice\Multi-threaded-communication-main2\data2/Mesh5.jpg
2024-07-24 18:41:55,210 INFO [InspirationC] [my_client.py (client:41] -- Sending img ...
2024-07-24 18:41:55,210 INFO [InspirationC] [my_client.py (client:46] -- Sending img done ...
2024-07-24 18:42:05,610 INFO [InspirationC] [my_client.py (start_listen:67] -- Getting result img_Mesh5.jpg...
2024-07-24 18:42:07,625 INFO [InspirationC] [my_client.py (operation:105] -- Continue...
2024-07-24 18:42:07,626 INFO [InspirationC] [my_client.py (operation:97] -- reading img of E:\Code\PycharmProject\Practice\Multi-threaded-communication-main2\data2/Mesh6.jpg
2024-07-24 18:42:07,632 INFO [InspirationC] [my_client.py (client:41] -- Sending img ...
2024-07-24 18:42:07,633 INFO [InspirationC] [my_client.py (client:46] -- Sending img done ...
2024-07-24 18:42:18,517 INFO [InspirationC] [my_client.py (start_listen:67] -- Getting result img_Mesh6.jpg...
2024-07-24 18:42:20,533 INFO [InspirationC] [my_client.py (operation:105] -- Continue...
2024-07-24 18:42:20,535 INFO [InspirationC] [my_client.py (operation:97] -- reading img of E:\Code\PycharmProject\Practice\Multi-threaded-communication-main2\data2/Mesh7.jpg
2024-07-24 18:42:20,540 INFO [InspirationC] [my_client.py (client:41] -- Sending img ...
2024-07-24 18:42:20,540 INFO [InspirationC] [my_client.py (client:46] -- Sending img done ...
2024-07-24 18:42:30,722 INFO [InspirationC] [my_client.py (start_listen:67] -- Getting result img_Mesh7.jpg...
2024-07-24 18:42:32,735 INFO [InspirationC] [my_client.py (operation:105] -- Continue...
2024-07-24 18:42:32,737 INFO [InspirationC] [my_client.py (operation:97] -- reading img of E:\Code\PycharmProject\Practice\Multi-threaded-communication-main2\data2/Mesh8.jpg
2024-07-24 18:42:32,741 INFO [InspirationC] [my_client.py (client:41] -- Sending img ...
2024-07-24 18:42:32,741 INFO [InspirationC] [my_client.py (client:46] -- Sending img done ...
2024-07-24 18:42:43,411 INFO [InspirationC] [my_client.py (start_listen:67] -- Getting result img_Mesh8.jpg...
2024-07-24 18:42:45,426 INFO [InspirationC] [my_client.py (operation:105] -- Continue...
2024-07-24 18:42:45,428 INFO [InspirationC] [my_client.py (operation:97] -- reading img of E:\Code\PycharmProject\Practice\Multi-threaded-communication-main2\data2/Mesh9.jpg
2024-07-24 18:42:45,432 INFO [InspirationC] [my_client.py (client:41] -- Sending img ...
2024-07-24 18:42:45,432 INFO [InspirationC] [my_client.py (client:46] -- Sending img done ...
2024-07-24 18:42:56,231 INFO [InspirationC] [my_client.py (start_listen:67] -- Getting result img_Mesh9.jpg...
2024-07-24 18:42:58,247 INFO [InspirationC] [my_client.py (operation:105] -- Continue...
2024-07-24 18:42:58,250 INFO [InspirationC] [my_client.py (operation:94] -- Finish...
